# JRE version: OpenJDK Runtime Environment (11.0.7+10) (build 11.0.7+10-b765.64)
# Java VM: OpenJDK 64-Bit Server VM (11.0.7+10-b765.64, mixed mode, sharing, tiered, compressed oops, g1 gc, windows-amd64)
Heap:
 garbage-first heap   total 262144K, used 65248K [0x00000000e0000000, 0x0000000100000000)
  region size 1024K, 46 young (47104K), 9 survivors (9216K)
 Metaspace       used 37886K, capacity 38859K, committed 38940K, reserved 288768K
  class space    used 5186K, capacity 5457K, committed 5504K, reserved 253952K
GC Heap History (14 events):
Event: 0.489 GC heap before
{Heap before GC invocations=0 (full 0):
 garbage-first heap   total 262144K, used 18432K [0x00000000e0000000, 0x0000000100000000)
  region size 1024K, 14 young (14336K), 0 survivors (0K)
 Metaspace       used 2672K, capacity 5718K, committed 5760K, reserved 262144K
  class space    used 333K, capacity 630K, committed 640K, reserved 253952K
}
Event: 0.493 GC heap after
{Heap after GC invocations=1 (full 0):
 garbage-first heap   total 262144K, used 7180K [0x00000000e0000000, 0x0000000100000000)
  region size 1024K, 2 young (2048K), 2 survivors (2048K)
 Metaspace       used 2672K, capacity 5718K, committed 5760K, reserved 262144K
  class space    used 333K, capacity 630K, committed 640K, reserved 253952K
}
Event: 0.683 GC heap before
{Heap before GC invocations=1 (full 0):
 garbage-first heap   total 262144K, used 18444K [0x00000000e0000000, 0x0000000100000000)
  region size 1024K, 13 young (13312K), 2 survivors (2048K)
 Metaspace       used 3794K, capacity 6507K, committed 6656K, reserved 262144K
  class space    used 486K, capacity 765K, committed 768K, reserved 253952K
}
Event: 0.686 GC heap after
{Heap after GC invocations=2 (full 0):
 garbage-first heap   total 262144K, used 7577K [0x00000000e0000000, 0x0000000100000000)
  region size 1024K, 1 young (1024K), 1 survivors (1024K)
 Metaspace       used 3794K, capacity 6507K, committed 6656K, reserved 262144K
  class space    used 486K, capacity 765K, committed 768K, reserved 253952K
}
Event: 1.206 GC heap before
{Heap before GC invocations=2 (full 0):
 garbage-first heap   total 262144K, used 38297K [0x00000000e0000000, 0x0000000100000000)
  region size 1024K, 31 young (31744K), 1 survivors (1024K)
 Metaspace       used 5902K, capacity 7723K, committed 8064K, reserved 262144K
  class space    used 815K, capacity 1025K, committed 1152K, reserved 253952K
}
Event: 1.211 GC heap after
{Heap after GC invocations=3 (full 0):
 garbage-first heap   total 262144K, used 12779K [0x00000000e0000000, 0x0000000100000000)
  region size 1024K, 4 young (4096K), 4 survivors (4096K)
 Metaspace       used 5902K, capacity 7723K, committed 8064K, reserved 262144K
  class space    used 815K, capacity 1025K, committed 1152K, reserved 253952K
}
Event: 2.528 GC heap before
{Heap before GC invocations=3 (full 0):
 garbage-first heap   total 262144K, used 56811K [0x00000000e0000000, 0x0000000100000000)
  region size 1024K, 47 young (48128K), 4 survivors (4096K)
 Metaspace       used 13209K, capacity 13555K, committed 13696K, reserved 266240K
  class space    used 1941K, capacity 2070K, committed 2176K, reserved 253952K
}
Event: 2.536 GC heap after
{Heap after GC invocations=4 (full 0):
 garbage-first heap   total 262144K, used 15334K [0x00000000e0000000, 0x0000000100000000)
  region size 1024K, 3 young (3072K), 3 survivors (3072K)
 Metaspace       used 13209K, capacity 13555K, committed 13696K, reserved 266240K
  class space    used 1941K, capacity 2070K, committed 2176K, reserved 253952K
}
Event: 3.395 GC heap before
{Heap before GC invocations=4 (full 0):
 garbage-first heap   total 262144K, used 60390K [0x00000000e0000000, 0x0000000100000000)
  region size 1024K, 49 young (50176K), 3 survivors (3072K)
 Metaspace       used 20689K, capacity 21114K, committed 21296K, reserved 272384K
  class space    used 2910K, capacity 3073K, committed 3200K, reserved 253952K
}
Event: 3.405 GC heap after
{Heap after GC invocations=5 (full 0):
 garbage-first heap   total 262144K, used 17530K [0x00000000e0000000, 0x0000000100000000)
  region size 1024K, 5 young (5120K), 5 survivors (5120K)
 Metaspace       used 20689K, capacity 21114K, committed 21296K, reserved 272384K
  class space    used 2910K, capacity 3073K, committed 3200K, reserved 253952K
}
Event: 4.996 GC heap before
{Heap before GC invocations=6 (full 0):
 garbage-first heap   total 262144K, used 97402K [0x00000000e0000000, 0x0000000100000000)
  region size 1024K, 80 young (81920K), 5 survivors (5120K)
 Metaspace       used 31378K, capacity 32152K, committed 32304K, reserved 282624K
  class space    used 4162K, capacity 4418K, committed 4480K, reserved 253952K
}
Event: 5.011 GC heap after
{Heap after GC invocations=7 (full 0):
 garbage-first heap   total 262144K, used 23885K [0x00000000e0000000, 0x0000000100000000)
  region size 1024K, 10 young (10240K), 10 survivors (10240K)
 Metaspace       used 31378K, capacity 32152K, committed 32304K, reserved 282624K
  class space    used 4162K, capacity 4418K, committed 4480K, reserved 253952K
}
Event: 5.592 GC heap before
{Heap before GC invocations=7 (full 0):
 garbage-first heap   total 262144K, used 68941K [0x00000000e0000000, 0x0000000100000000)
  region size 1024K, 55 young (56320K), 10 survivors (10240K)
 Metaspace       used 34868K, capacity 35645K, committed 35888K, reserved 286720K
  class space    used 4718K, capacity 4965K, committed 4992K, reserved 253952K
}
Event: 5.612 GC heap after
{Heap after GC invocations=8 (full 0):
 garbage-first heap   total 262144K, used 26336K [0x00000000e0000000, 0x0000000100000000)
  region size 1024K, 9 young (9216K), 9 survivors (9216K)
 Metaspace       used 34868K, capacity 35645K, committed 35888K, reserved 286720K
  class space    used 4718K, capacity 4965K, committed 4992K, reserved 253952K
}

