# JRE version: OpenJDK Runtime Environment (11.0.7+10) (build 11.0.7+10-b765.64)
# Java VM: OpenJDK 64-Bit Server VM (11.0.7+10-b765.64, mixed mode, sharing, tiered, compressed oops, g1 gc, windows-amd64)
Heap:
 garbage-first heap   total 262144K, used 52812K [0x00000000e0000000, 0x0000000100000000)
  region size 1024K, 23 young (23552K), 10 survivors (10240K)
 Metaspace       used 35915K, capacity 36952K, committed 37040K, reserved 286720K
  class space    used 4763K, capacity 5087K, committed 5120K, reserved 253952K
GC Heap History (14 events):
Event: 0.812 GC heap before
{Heap before GC invocations=0 (full 0):
 garbage-first heap   total 262144K, used 18432K [0x00000000e0000000, 0x0000000100000000)
  region size 1024K, 14 young (14336K), 0 survivors (0K)
 Metaspace       used 2724K, capacity 5718K, committed 5760K, reserved 262144K
  class space    used 333K, capacity 630K, committed 640K, reserved 253952K
}
Event: 0.822 GC heap after
{Heap after GC invocations=1 (full 0):
 garbage-first heap   total 262144K, used 7302K [0x00000000e0000000, 0x0000000100000000)
  region size 1024K, 2 young (2048K), 2 survivors (2048K)
 Metaspace       used 2724K, capacity 5718K, committed 5760K, reserved 262144K
  class space    used 333K, capacity 630K, committed 640K, reserved 253952K
}
Event: 1.148 GC heap before
{Heap before GC invocations=1 (full 0):
 garbage-first heap   total 262144K, used 18566K [0x00000000e0000000, 0x0000000100000000)
  region size 1024K, 13 young (13312K), 2 survivors (2048K)
 Metaspace       used 3848K, capacity 6508K, committed 6656K, reserved 262144K
  class space    used 486K, capacity 765K, committed 768K, reserved 253952K
}
Event: 1.151 GC heap after
{Heap after GC invocations=2 (full 0):
 garbage-first heap   total 262144K, used 7830K [0x00000000e0000000, 0x0000000100000000)
  region size 1024K, 1 young (1024K), 1 survivors (1024K)
 Metaspace       used 3848K, capacity 6508K, committed 6656K, reserved 262144K
  class space    used 486K, capacity 765K, committed 768K, reserved 253952K
}
Event: 2.102 GC heap before
{Heap before GC invocations=2 (full 0):
 garbage-first heap   total 262144K, used 38550K [0x00000000e0000000, 0x0000000100000000)
  region size 1024K, 31 young (31744K), 1 survivors (1024K)
 Metaspace       used 5993K, capacity 7733K, committed 8064K, reserved 262144K
  class space    used 827K, capacity 1029K, committed 1152K, reserved 253952K
}
Event: 2.107 GC heap after
{Heap after GC invocations=3 (full 0):
 garbage-first heap   total 262144K, used 12940K [0x00000000e0000000, 0x0000000100000000)
  region size 1024K, 4 young (4096K), 4 survivors (4096K)
 Metaspace       used 5993K, capacity 7733K, committed 8064K, reserved 262144K
  class space    used 827K, capacity 1029K, committed 1152K, reserved 253952K
}
Event: 3.921 GC heap before
{Heap before GC invocations=3 (full 0):
 garbage-first heap   total 262144K, used 53900K [0x00000000e0000000, 0x0000000100000000)
  region size 1024K, 44 young (45056K), 4 survivors (4096K)
 Metaspace       used 13056K, capacity 13460K, committed 13696K, reserved 266240K
  class space    used 1909K, capacity 2050K, committed 2176K, reserved 253952K
}
Event: 3.928 GC heap after
{Heap after GC invocations=4 (full 0):
 garbage-first heap   total 262144K, used 15733K [0x00000000e0000000, 0x0000000100000000)
  region size 1024K, 3 young (3072K), 3 survivors (3072K)
 Metaspace       used 13056K, capacity 13460K, committed 13696K, reserved 266240K
  class space    used 1909K, capacity 2050K, committed 2176K, reserved 253952K
}
Event: 6.013 GC heap before
{Heap before GC invocations=4 (full 0):
 garbage-first heap   total 262144K, used 75125K [0x00000000e0000000, 0x0000000100000000)
  region size 1024K, 52 young (53248K), 3 survivors (3072K)
 Metaspace       used 20553K, capacity 21145K, committed 21296K, reserved 272384K
  class space    used 2927K, capacity 3142K, committed 3200K, reserved 253952K
}
Event: 6.027 GC heap after
{Heap after GC invocations=5 (full 0):
 garbage-first heap   total 262144K, used 31331K [0x00000000e0000000, 0x0000000100000000)
  region size 1024K, 7 young (7168K), 7 survivors (7168K)
 Metaspace       used 20553K, capacity 21145K, committed 21296K, reserved 272384K
  class space    used 2927K, capacity 3142K, committed 3200K, reserved 253952K
}
Event: 8.600 GC heap before
{Heap before GC invocations=6 (full 0):
 garbage-first heap   total 262144K, used 116323K [0x00000000e0000000, 0x0000000100000000)
  region size 1024K, 87 young (89088K), 7 survivors (7168K)
 Metaspace       used 31965K, capacity 32686K, committed 32816K, reserved 282624K
  class space    used 4337K, capacity 4615K, committed 4736K, reserved 253952K
}
Event: 8.616 GC heap after
{Heap after GC invocations=7 (full 0):
 garbage-first heap   total 262144K, used 36952K [0x00000000e0000000, 0x0000000100000000)
  region size 1024K, 10 young (10240K), 10 survivors (10240K)
 Metaspace       used 31965K, capacity 32686K, committed 32816K, reserved 282624K
  class space    used 4337K, capacity 4615K, committed 4736K, reserved 253952K
}
Event: 10.404 GC heap before
{Heap before GC invocations=7 (full 0):
 garbage-first heap   total 262144K, used 77912K [0x00000000e0000000, 0x0000000100000000)
  region size 1024K, 51 young (52224K), 10 survivors (10240K)
 Metaspace       used 34945K, capacity 35805K, committed 35888K, reserved 286720K
  class space    used 4603K, capacity 4920K, committed 4992K, reserved 253952K
}
Event: 10.427 GC heap after
{Heap after GC invocations=8 (full 0):
 garbage-first heap   total 262144K, used 40524K [0x00000000e0000000, 0x0000000100000000)
  region size 1024K, 10 young (10240K), 10 survivors (10240K)
 Metaspace       used 34945K, capacity 35805K, committed 35888K, reserved 286720K
  class space    used 4603K, capacity 4920K, committed 4992K, reserved 253952K
}

